This file contains any messages produced by compilers while
running configure, to aid debugging if configure makes a mistake.

It was created by configure, which was
generated by GNU Autoconf 2.57.  Invocation command line was

  $ ./configure --enable-maintainer-mode

## --------- ##
## Platform. ##
## --------- ##

hostname = llando
uname -m = i586
uname -r = 2.4.20
uname -s = Linux
uname -v = #6 Sun Sep 14 12:43:58 CEST 2003

/usr/bin/uname -p = unknown
/bin/uname -X     = unknown

/bin/arch              = i586
/usr/bin/arch -k       = unknown
/usr/convex/getsysinfo = unknown
hostinfo               = unknown
/bin/machine           = unknown
/usr/bin/oslevel       = unknown
/bin/universe          = unknown

PATH: /home/lars/bin
PATH: /usr/local/bin
PATH: /usr/bin
PATH: /usr/X11R6/bin
PATH: /bin
PATH: /usr/games
PATH: /opt/gnome2/bin
PATH: /opt/gnome/bin
PATH: /opt/kde3/bin
PATH: /usr/lib/java/bin


## ----------- ##
## Core tests. ##
## ----------- ##

configure:1305: checking for a BSD-compatible install
configure:1359: result: /usr/bin/install -c
configure:1370: checking whether build environment is sane
configure:1413: result: yes
configure:1446: checking for gawk
configure:1462: found /usr/bin/gawk
configure:1472: result: gawk
configure:1482: checking whether make sets $(MAKE)
configure:1502: result: yes
configure:1659: checking whether to enable maintainer-specific portions of Makefiles
configure:1668: result: yes
configure:1704: checking for style of include used by make
configure:1732: result: GNU
configure:1803: checking for gcc
configure:1819: found /usr/bin/gcc
configure:1829: result: gcc
configure:2073: checking for C compiler version
configure:2076: gcc --version </dev/null >&5
gcc (GCC) 3.3 20030226 (prerelease) (SuSE Linux)
Copyright (C) 2002 Free Software Foundation, Inc.
This is free software; see the source for copying conditions.  There is NO
warranty; not even for MERCHANTABILITY or FITNESS FOR A PARTICULAR PURPOSE.

configure:2079: $? = 0
configure:2081: gcc -v </dev/null >&5
Reading specs from /usr/lib/gcc-lib/i486-suse-linux/3.3/specs
Configured with: ../configure --enable-threads=posix --prefix=/usr --with-local-prefix=/usr/local --infodir=/usr/share/info --mandir=/usr/share/man --libdir=/usr/lib --enable-languages=c,c++,f77,objc,java,ada --disable-checking --enable-libgcj --with-gxx-include-dir=/usr/include/g++ --with-slibdir=/lib --with-system-zlib --enable-shared --enable-__cxa_atexit i486-suse-linux
Thread model: posix
gcc version 3.3 20030226 (prerelease) (SuSE Linux)
configure:2084: $? = 0
configure:2086: gcc -V </dev/null >&5
gcc: `-V' option must have argument
configure:2089: $? = 1
configure:2113: checking for C compiler default output
configure:2116: gcc    conftest.c  >&5
configure:2119: $? = 0
configure:2165: result: a.out
configure:2170: checking whether the C compiler works
configure:2176: ./a.out
configure:2179: $? = 0
configure:2196: result: yes
configure:2203: checking whether we are cross compiling
configure:2205: result: no
configure:2208: checking for suffix of executables
configure:2210: gcc -o conftest    conftest.c  >&5
configure:2213: $? = 0
configure:2238: result: 
configure:2244: checking for suffix of object files
configure:2266: gcc -c   conftest.c >&5
configure:2269: $? = 0
configure:2291: result: o
configure:2295: checking whether we are using the GNU C compiler
configure:2320: gcc -c   conftest.c >&5
configure:2323: $? = 0
configure:2326: test -s conftest.o
configure:2329: $? = 0
configure:2342: result: yes
configure:2348: checking whether gcc accepts -g
configure:2370: gcc -c -g  conftest.c >&5
configure:2373: $? = 0
configure:2376: test -s conftest.o
configure:2379: $? = 0
configure:2390: result: yes
configure:2407: checking for gcc option to accept ANSI C
configure:2468: gcc  -c -g -O2  conftest.c >&5
configure:2471: $? = 0
configure:2474: test -s conftest.o
configure:2477: $? = 0
configure:2495: result: none needed
configure:2513: gcc -c -g -O2  conftest.c >&5
conftest.c:2: error: parse error before "me"
configure:2516: $? = 1
configure: failed program was:
| #ifndef __cplusplus
|   choke me
| #endif
configure:2627: checking dependency style of gcc
configure:2689: result: gcc3
configure:2708: checking for strerror in -lcposix
configure:2739: gcc -o conftest -g -O2   conftest.c -lcposix   >&5
/usr/lib/gcc-lib/i486-suse-linux/3.3/../../../../i486-suse-linux/bin/ld: cannot find -lcposix
collect2: ld returned 1 exit status
configure:2742: $? = 1
configure: failed program was:
| #line 2715 "configure"
| /* confdefs.h.  */
| 
| #define PACKAGE_NAME ""
| #define PACKAGE_TARNAME ""
| #define PACKAGE_VERSION ""
| #define PACKAGE_STRING ""
| #define PACKAGE_BUGREPORT ""
| #define PACKAGE "liferea"
| #define VERSION "0.3.7"
| /* end confdefs.h.  */
| 
| /* Override any gcc2 internal prototype to avoid an error.  */
| #ifdef __cplusplus
| extern "C"
| #endif
| /* We use char because int might match the return type of a gcc2
|    builtin and then its argument prototype would still apply.  */
| char strerror ();
| int
| main ()
| {
| strerror ();
|   ;
|   return 0;
| }
configure:2760: result: no
configure:2814: checking for gcc
configure:2840: result: gcc
configure:3084: checking for C compiler version
configure:3087: gcc --version </dev/null >&5
gcc (GCC) 3.3 20030226 (prerelease) (SuSE Linux)
Copyright (C) 2002 Free Software Foundation, Inc.
This is free software; see the source for copying conditions.  There is NO
warranty; not even for MERCHANTABILITY or FITNESS FOR A PARTICULAR PURPOSE.

configure:3090: $? = 0
configure:3092: gcc -v </dev/null >&5
Reading specs from /usr/lib/gcc-lib/i486-suse-linux/3.3/specs
Configured with: ../configure --enable-threads=posix --prefix=/usr --with-local-prefix=/usr/local --infodir=/usr/share/info --mandir=/usr/share/man --libdir=/usr/lib --enable-languages=c,c++,f77,objc,java,ada --disable-checking --enable-libgcj --with-gxx-include-dir=/usr/include/g++ --with-slibdir=/lib --with-system-zlib --enable-shared --enable-__cxa_atexit i486-suse-linux
Thread model: posix
gcc version 3.3 20030226 (prerelease) (SuSE Linux)
configure:3095: $? = 0
configure:3097: gcc -V </dev/null >&5
gcc: `-V' option must have argument
configure:3100: $? = 1
configure:3103: checking whether we are using the GNU C compiler
configure:3150: result: yes
configure:3156: checking whether gcc accepts -g
configure:3198: result: yes
configure:3215: checking for gcc option to accept ANSI C
configure:3303: result: none needed
configure:3321: gcc -c -g -O2  conftest.c >&5
conftest.c:2: error: parse error before "me"
configure:3324: $? = 1
configure: failed program was:
| #ifndef __cplusplus
|   choke me
| #endif
configure:3435: checking dependency style of gcc
configure:3497: result: gcc3
configure:3517: checking for gcc option to accept ANSI C
configure:3581: gcc  -c -g -O2  conftest.c >&5
configure:3584: $? = 0
configure:3587: test -s conftest.o
configure:3590: $? = 0
configure:3605: result: none needed
configure:3621: checking how to run the C preprocessor
configure:3657: gcc -E  conftest.c
configure:3663: $? = 0
configure:3695: gcc -E  conftest.c
configure:3696:28: ac_nonexistent.h: No such file or directory
configure:3701: $? = 1
configure: failed program was:
| #line 3686 "configure"
| /* confdefs.h.  */
| 
| #define PACKAGE_NAME ""
| #define PACKAGE_TARNAME ""
| #define PACKAGE_VERSION ""
| #define PACKAGE_STRING ""
| #define PACKAGE_BUGREPORT ""
| #define PACKAGE "liferea"
| #define VERSION "0.3.7"
| /* end confdefs.h.  */
| #include <ac_nonexistent.h>
configure:3739: result: gcc -E
configure:3764: gcc -E  conftest.c
configure:3770: $? = 0
configure:3802: gcc -E  conftest.c
configure:3803:28: ac_nonexistent.h: No such file or directory
configure:3808: $? = 1
configure: failed program was:
| #line 3793 "configure"
| /* confdefs.h.  */
| 
| #define PACKAGE_NAME ""
| #define PACKAGE_TARNAME ""
| #define PACKAGE_VERSION ""
| #define PACKAGE_STRING ""
| #define PACKAGE_BUGREPORT ""
| #define PACKAGE "liferea"
| #define VERSION "0.3.7"
| /* end confdefs.h.  */
| #include <ac_nonexistent.h>
configure:3851: checking for egrep
configure:3861: result: grep -E
configure:3866: checking for ANSI C header files
configure:3892: gcc -c -g -O2  conftest.c >&5
configure:3895: $? = 0
configure:3898: test -s conftest.o
configure:3901: $? = 0
configure:3990: gcc -o conftest -g -O2   conftest.c  >&5
configure:3993: $? = 0
configure:3995: ./conftest
configure:3998: $? = 0
configure:4013: result: yes
configure:4046: checking for pkg-config
configure:4064: found /usr/bin/pkg-config
configure:4077: result: /usr/bin/pkg-config
configure:4094: checking for 	gtk+-2.0 >= 2.0.0
		gconf-2.0 >= 2.0.0
		libxml-2.0 >= 2.0.0
		libgtkhtml-2.0 >= 2.0.0
		gnome-vfs-2.0 >= 2.0.0
configure:4098: result: yes
configure:4102: checking PACKAGE_CFLAGS
configure:4105: result: -DORBIT2=1 -pthread -I/opt/gnome2/include/gconf/2 -I/opt/gnome2/include/gtkhtml-2.0 -I/opt/gnome2/include/gnome-vfs-2.0 -I/opt/gnome2/lib/gnome-vfs-2.0/include -I/opt/gnome2/include/bonobo-activation-2.0 -I/usr/include/gtk-2.0 -I/usr/lib/gtk-2.0/include -I/usr/include/atk-1.0 -I/usr/include/pango-1.0 -I/usr/X11R6/include -I/usr/include/freetype2 -I/usr/include/glib-2.0 -I/usr/lib/glib-2.0/include -I/usr/include/orbit-2.0 -I/usr/include/linc-1.0 -I/usr/include/libxml2  
configure:4108: checking PACKAGE_LIBS
configure:4111: result: -Wl,--export-dynamic -pthread -L/opt/gnome2/lib -L/usr/X11R6/lib -lgconf-2 -lgtkhtml-2 -lgtk-x11-2.0 -lxml2 -lpthread -lz -lgdk-x11-2.0 -lXi -lXinerama -lXext -latk-1.0 -lgdk_pixbuf-2.0 -lpangoxft-1.0 -lXft -lfreetype -lXrender -lfontconfig -lpangox-1.0 -lX11 -lpango-1.0 -lgnomevfs-2 -lbonobo-activation -lORBit-2 -lm -llinc -lgmodule-2.0 -ldl -lgobject-2.0 -lgthread-2.0 -lglib-2.0  
configure:4163: checking for sys/types.h
configure:4180: gcc -c -g -O2  conftest.c >&5
configure:4183: $? = 0
configure:4186: test -s conftest.o
configure:4189: $? = 0
configure:4200: result: yes
configure:4163: checking for sys/stat.h
configure:4180: gcc -c -g -O2  conftest.c >&5
configure:4183: $? = 0
configure:4186: test -s conftest.o
configure:4189: $? = 0
configure:4200: result: yes
configure:4163: checking for stdlib.h
configure:4180: gcc -c -g -O2  conftest.c >&5
configure:4183: $? = 0
configure:4186: test -s conftest.o
configure:4189: $? = 0
configure:4200: result: yes
configure:4163: checking for string.h
configure:4180: gcc -c -g -O2  conftest.c >&5
configure:4183: $? = 0
configure:4186: test -s conftest.o
configure:4189: $? = 0
configure:4200: result: yes
configure:4163: checking for memory.h
configure:4180: gcc -c -g -O2  conftest.c >&5
configure:4183: $? = 0
configure:4186: test -s conftest.o
configure:4189: $? = 0
configure:4200: result: yes
configure:4163: checking for strings.h
configure:4180: gcc -c -g -O2  conftest.c >&5
configure:4183: $? = 0
configure:4186: test -s conftest.o
configure:4189: $? = 0
configure:4200: result: yes
configure:4163: checking for inttypes.h
configure:4180: gcc -c -g -O2  conftest.c >&5
configure:4183: $? = 0
configure:4186: test -s conftest.o
configure:4189: $? = 0
configure:4200: result: yes
configure:4163: checking for stdint.h
configure:4180: gcc -c -g -O2  conftest.c >&5
configure:4183: $? = 0
configure:4186: test -s conftest.o
configure:4189: $? = 0
configure:4200: result: yes
configure:4163: checking for unistd.h
configure:4180: gcc -c -g -O2  conftest.c >&5
configure:4183: $? = 0
configure:4186: test -s conftest.o
configure:4189: $? = 0
configure:4200: result: yes
configure:4227: checking locale.h usability
configure:4240: gcc -c -g -O2  conftest.c >&5
configure:4243: $? = 0
configure:4246: test -s conftest.o
configure:4249: $? = 0
configure:4259: result: yes
configure:4263: checking locale.h presence
configure:4274: gcc -E  conftest.c
configure:4280: $? = 0
configure:4299: result: yes
configure:4335: checking for locale.h
configure:4342: result: yes
configure:4356: checking for LC_MESSAGES
configure:4378: gcc -o conftest -g -O2   conftest.c  >&5
configure:4381: $? = 0
configure:4384: test -s conftest
configure:4387: $? = 0
configure:4398: result: yes
configure:4427: checking libintl.h usability
configure:4440: gcc -c -g -O2  conftest.c >&5
configure:4443: $? = 0
configure:4446: test -s conftest.o
configure:4449: $? = 0
configure:4459: result: yes
configure:4463: checking libintl.h presence
configure:4474: gcc -E  conftest.c
configure:4480: $? = 0
configure:4499: result: yes
configure:4535: checking for libintl.h
configure:4542: result: yes
configure:4553: checking for dgettext in libc
configure:4577: gcc -o conftest -g -O2   conftest.c  >&5
configure:4580: $? = 0
configure:4583: test -s conftest
configure:4586: $? = 0
configure:4598: result: yes
configure:4606: checking for bind_textdomain_codeset
configure:4656: gcc -o conftest -g -O2   conftest.c  >&5
configure:4659: $? = 0
configure:4662: test -s conftest
configure:4665: $? = 0
configure:4676: result: yes
configure:5000: checking for msgfmt
configure:5027: result: /usr/bin/msgfmt
configure:5038: checking for dcgettext
configure:5088: gcc -o conftest -g -O2   conftest.c  >&5
configure:5091: $? = 0
configure:5094: test -s conftest
configure:5097: $? = 0
configure:5108: result: yes
configure:5120: checking for gmsgfmt
configure:5151: result: /usr/bin/msgfmt
configure:5160: checking for xgettext
configure:5187: result: /usr/bin/xgettext
configure:5212: gcc -o conftest -g -O2   conftest.c  >&5
configure:5215: $? = 0
configure:5218: test -s conftest
configure:5221: $? = 0
configure:5556: creating ./config.status

## ---------------------- ##
## Running config.status. ##
## ---------------------- ##

This file was extended by config.status, which was
generated by GNU Autoconf 2.57.  Invocation command line was

  CONFIG_FILES    = 
  CONFIG_HEADERS  = 
  CONFIG_LINKS    = 
  CONFIG_COMMANDS = 
  $ ./config.status 

on llando

config.status:677: creating Makefile
config.status:677: creating src/Makefile
config.status:677: creating po/Makefile.in
config.status:781: creating config.h
config.status:1013: executing depfiles commands
config.status:1013: executing default-1 commands

## ---------------- ##
## Cache variables. ##
## ---------------- ##

ac_cv_c_compiler_gnu=yes
ac_cv_env_CC_set=
ac_cv_env_CC_value=
ac_cv_env_CFLAGS_set=
ac_cv_env_CFLAGS_value=
ac_cv_env_CPPFLAGS_set=
ac_cv_env_CPPFLAGS_value=
ac_cv_env_CPP_set=
ac_cv_env_CPP_value=
ac_cv_env_LDFLAGS_set=
ac_cv_env_LDFLAGS_value=
ac_cv_env_build_alias_set=
ac_cv_env_build_alias_value=
ac_cv_env_host_alias_set=
ac_cv_env_host_alias_value=
ac_cv_env_target_alias_set=
ac_cv_env_target_alias_value=
ac_cv_exeext=
ac_cv_func_bind_textdomain_codeset=yes
ac_cv_func_dcgettext=yes
ac_cv_header_inttypes_h=yes
ac_cv_header_libintl_h=yes
ac_cv_header_locale_h=yes
ac_cv_header_memory_h=yes
ac_cv_header_stdc=yes
ac_cv_header_stdint_h=yes
ac_cv_header_stdlib_h=yes
ac_cv_header_string_h=yes
ac_cv_header_strings_h=yes
ac_cv_header_sys_stat_h=yes
ac_cv_header_sys_types_h=yes
ac_cv_header_unistd_h=yes
ac_cv_lib_cposix_strerror=no
ac_cv_objext=o
ac_cv_path_GMSGFMT=/usr/bin/msgfmt
ac_cv_path_MSGFMT=/usr/bin/msgfmt
ac_cv_path_PKG_CONFIG=/usr/bin/pkg-config
ac_cv_path_XGETTEXT=/usr/bin/xgettext
ac_cv_path_install='/usr/bin/install -c'
ac_cv_prog_AWK=gawk
ac_cv_prog_CPP='gcc -E'
ac_cv_prog_ac_ct_CC=gcc
ac_cv_prog_cc_g=yes
ac_cv_prog_cc_stdc=
ac_cv_prog_egrep='grep -E'
ac_cv_prog_make_make_set=yes
am_cv_CC_dependencies_compiler_type=gcc3
am_cv_prog_cc_stdc=
am_cv_val_LC_MESSAGES=yes
gt_cv_func_dgettext_libc=yes
gt_cv_func_dgettext_libintl=no
gt_cv_have_gettext=yes

## ----------------- ##
## Output variables. ##
## ----------------- ##

ACLOCAL='${SHELL} /home/lars/tech/coding/c/liferea-cvs/liferea/missing --run aclocal-1.7'
AMDEPBACKSLASH='\'
AMDEP_FALSE='#'
AMDEP_TRUE=''
AMTAR='${SHELL} /home/lars/tech/coding/c/liferea-cvs/liferea/missing --run tar'
AUTOCONF='${SHELL} /home/lars/tech/coding/c/liferea-cvs/liferea/missing --run autoconf'
AUTOHEADER='${SHELL} /home/lars/tech/coding/c/liferea-cvs/liferea/missing --run autoheader'
AUTOMAKE='${SHELL} /home/lars/tech/coding/c/liferea-cvs/liferea/missing --run automake-1.7'
AWK='gawk'
CATALOGS=''
CATOBJEXT='.gmo'
CC='gcc'
CCDEPMODE='depmode=gcc3'
CFLAGS='-g -O2'
CPP='gcc -E'
CPPFLAGS=''
CYGPATH_W='echo'
DATADIRNAME='share'
DEFS='-DHAVE_CONFIG_H'
DEPDIR='.deps'
ECHO_C=''
ECHO_N='-n'
ECHO_T=''
EGREP='grep -E'
EXEEXT=''
GETTEXT_PACKAGE='liferea'
GMOFILES=''
GMSGFMT='/usr/bin/msgfmt'
INSTALL_DATA='${INSTALL} -m 644'
INSTALL_PROGRAM='${INSTALL}'
INSTALL_SCRIPT='${INSTALL}'
INSTALL_STRIP_PROGRAM='${SHELL} $(install_sh) -c -s'
INSTOBJEXT='.mo'
INTLLIBS=''
LDFLAGS=''
LIBOBJS=''
LIBS=''
LTLIBOBJS=''
MAINT=''
MAINTAINER_MODE_FALSE='#'
MAINTAINER_MODE_TRUE=''
MAKEINFO='${SHELL} /home/lars/tech/coding/c/liferea-cvs/liferea/missing --run makeinfo'
MKINSTALLDIRS='./mkinstalldirs'
MSGFMT='/usr/bin/msgfmt'
OBJEXT='o'
PACKAGE='liferea'
PACKAGE_BUGREPORT=''
PACKAGE_CFLAGS='-DORBIT2=1 -pthread -I/opt/gnome2/include/gconf/2 -I/opt/gnome2/include/gtkhtml-2.0 -I/opt/gnome2/include/gnome-vfs-2.0 -I/opt/gnome2/lib/gnome-vfs-2.0/include -I/opt/gnome2/include/bonobo-activation-2.0 -I/usr/include/gtk-2.0 -I/usr/lib/gtk-2.0/include -I/usr/include/atk-1.0 -I/usr/include/pango-1.0 -I/usr/X11R6/include -I/usr/include/freetype2 -I/usr/include/glib-2.0 -I/usr/lib/glib-2.0/include -I/usr/include/orbit-2.0 -I/usr/include/linc-1.0 -I/usr/include/libxml2  '
PACKAGE_LIBS='-Wl,--export-dynamic -pthread -L/opt/gnome2/lib -L/usr/X11R6/lib -lgconf-2 -lgtkhtml-2 -lgtk-x11-2.0 -lxml2 -lpthread -lz -lgdk-x11-2.0 -lXi -lXinerama -lXext -latk-1.0 -lgdk_pixbuf-2.0 -lpangoxft-1.0 -lXft -lfreetype -lXrender -lfontconfig -lpangox-1.0 -lX11 -lpango-1.0 -lgnomevfs-2 -lbonobo-activation -lORBit-2 -lm -llinc -lgmodule-2.0 -ldl -lgobject-2.0 -lgthread-2.0 -lglib-2.0  '
PACKAGE_NAME=''
PACKAGE_STRING=''
PACKAGE_TARNAME=''
PACKAGE_VERSION=''
PATH_SEPARATOR=':'
PKG_CONFIG='/usr/bin/pkg-config'
POFILES=''
POSUB='po'
PO_IN_DATADIR_FALSE=''
PO_IN_DATADIR_TRUE=''
SET_MAKE=''
SHELL='/bin/sh'
STRIP=''
USE_NLS='yes'
VERSION='0.3.7'
XGETTEXT='/usr/bin/xgettext'
ac_ct_CC='gcc'
ac_ct_STRIP=''
am__fastdepCC_FALSE='#'
am__fastdepCC_TRUE=''
am__include='include'
am__quote=''
bindir='${exec_prefix}/bin'
build_alias=''
datadir='${prefix}/share'
exec_prefix='${prefix}'
host_alias=''
includedir='${prefix}/include'
infodir='${prefix}/info'
install_sh='/home/lars/tech/coding/c/liferea-cvs/liferea/install-sh'
libdir='${exec_prefix}/lib'
libexecdir='${exec_prefix}/libexec'
localstatedir='${prefix}/var'
mandir='${prefix}/man'
oldincludedir='/usr/include'
prefix='/usr/local'
program_transform_name='s,x,x,'
sbindir='${exec_prefix}/sbin'
sharedstatedir='${prefix}/com'
sysconfdir='${prefix}/etc'
target_alias=''

## ----------- ##
## confdefs.h. ##
## ----------- ##

#define ENABLE_NLS 1
#define GETTEXT_PACKAGE "liferea"
#define HAVE_BIND_TEXTDOMAIN_CODESET 1
#define HAVE_DCGETTEXT 1
#define HAVE_GETTEXT 1
#define HAVE_INTTYPES_H 1
#define HAVE_LC_MESSAGES 1
#define HAVE_LOCALE_H 1
#define HAVE_MEMORY_H 1
#define HAVE_STDINT_H 1
#define HAVE_STDLIB_H 1
#define HAVE_STRINGS_H 1
#define HAVE_STRING_H 1
#define HAVE_SYS_STAT_H 1
#define HAVE_SYS_TYPES_H 1
#define HAVE_UNISTD_H 1
#define PACKAGE "liferea"
#define PACKAGE_BUGREPORT ""
#define PACKAGE_NAME ""
#define PACKAGE_STRING ""
#define PACKAGE_TARNAME ""
#define PACKAGE_VERSION ""
#define STDC_HEADERS 1
#define VERSION "0.3.7"

configure: exit 0

## ---------------------- ##
## Running config.status. ##
## ---------------------- ##

This file was extended by config.status, which was
generated by GNU Autoconf 2.57.  Invocation command line was

  CONFIG_FILES    = 
  CONFIG_HEADERS  = 
  CONFIG_LINKS    = 
  CONFIG_COMMANDS = 
  $ ./config.status config.h

on llando

config.status:781: creating config.h
config.status:900: config.h is unchanged
